2023-11-21 13:59:33.144 INFO  org.hibernate.validator.internal.util.Version     :21   [32m                  [0;39m HV000001: Hibernate Validator 8.0.0.Final
2023-11-21 13:59:33.189 INFO  top.chen.train.member.config.MemberApplication    :51   [32m                  [0;39m Starting MemberApplication using Java 17.0.4.1 with PID 23016 (D:\program\train\member\target\classes started by ChenQi in D:\program\train)
2023-11-21 13:59:33.190 INFO  top.chen.train.member.config.MemberApplication    :630  [32m                  [0;39m No active profile set, falling back to 1 default profile: "default"
2023-11-21 13:59:33.234 INFO  o.s.b.d.env.DevToolsPropertyDefaultsPostProcessor :250  [32m                  [0;39m Devtools property defaults active! Set 'spring.devtools.add-properties' to 'false' to disable
2023-11-21 13:59:33.235 INFO  o.s.b.d.env.DevToolsPropertyDefaultsPostProcessor :250  [32m                  [0;39m For additional web related logging consider setting the 'logging.level.web' property to 'DEBUG'
2023-11-21 13:59:33.914 INFO  o.springframework.cloud.context.scope.GenericScope:282  [32m                  [0;39m BeanFactory id=6a98a533-e10f-3bbf-a0fe-c5f81fe42af7
2023-11-21 13:59:34.437 INFO  o.s.boot.web.embedded.tomcat.TomcatWebServer      :108  [32m                  [0;39m Tomcat initialized with port(s): 8001 (http)
2023-11-21 13:59:34.447 INFO  org.apache.coyote.http11.Http11NioProtocol        :173  [32m                  [0;39m Initializing ProtocolHandler ["http-nio-8001"]
2023-11-21 13:59:34.447 INFO  org.apache.catalina.core.StandardService          :173  [32m                  [0;39m Starting service [Tomcat]
2023-11-21 13:59:34.447 INFO  org.apache.catalina.core.StandardEngine           :173  [32m                  [0;39m Starting Servlet engine: [Apache Tomcat/10.1.5]
2023-11-21 13:59:34.493 INFO  o.a.c.c.C.[Tomcat].[localhost].[/member]          :173  [32m                  [0;39m Initializing Spring embedded WebApplicationContext
2023-11-21 13:59:34.493 INFO  o.s.b.w.s.c.ServletWebServerApplicationContext    :291  [32m                  [0;39m Root WebApplicationContext: initialization completed in 1258 ms
2023-11-21 13:59:35.087 WARN  o.s.b.d.autoconfigure.OptionalLiveReloadServer    :62   [32m                  [0;39m Unable to start LiveReload server
2023-11-21 13:59:35.375 INFO  org.apache.coyote.http11.Http11NioProtocol        :173  [32m                  [0;39m Starting ProtocolHandler ["http-nio-8001"]
2023-11-21 13:59:35.390 INFO  o.s.boot.web.embedded.tomcat.TomcatWebServer      :220  [32m                  [0;39m Tomcat started on port(s): 8001 (http) with context path '/member'
2023-11-21 13:59:35.623 INFO  top.chen.train.member.config.MemberApplication    :57   [32m                  [0;39m Started MemberApplication in 3.047 seconds (process running for 3.497)
2023-11-21 13:59:35.626 INFO  top.chen.train.member.config.MemberApplication    :25   [32m                  [0;39m å¯åŠ¨æˆåŠŸï¼ï¼ï¼
2023-11-21 13:59:35.626 INFO  top.chen.train.member.config.MemberApplication    :26   [32m                  [0;39m æµ‹è¯•åœ°å€ï¼š	http://127.0.0.1:8001/hello
2023-11-21 13:59:53.317 INFO  o.a.c.c.C.[Tomcat].[localhost].[/member]          :173  [32m                  [0;39m Initializing Spring DispatcherServlet 'dispatcherServlet'
2023-11-21 13:59:53.317 INFO  org.springframework.web.servlet.DispatcherServlet :532  [32m                  [0;39m Initializing Servlet 'dispatcherServlet'
2023-11-21 13:59:53.318 INFO  org.springframework.web.servlet.DispatcherServlet :554  [32m                  [0;39m Completed initialization in 1 ms
2023-11-21 13:59:53.463 INFO  top.chen.train.common.aspect.LogAspect            :56   [32m1700546393456mmd  [0;39m ------------- å¼€å§‹ -------------
2023-11-21 13:59:53.464 INFO  top.chen.train.common.aspect.LogAspect            :57   [32m1700546393456mmd  [0;39m è¯·æ±‚åœ°å€: http://127.0.0.1:8001/member/member/send-code POST
2023-11-21 13:59:53.464 INFO  top.chen.train.common.aspect.LogAspect            :58   [32m1700546393456mmd  [0;39m ç±»åæ–¹æ³•: top.chen.train.member.controller.MemberController.sendCode
2023-11-21 13:59:53.464 INFO  top.chen.train.common.aspect.LogAspect            :59   [32m1700546393456mmd  [0;39m è¿œç¨‹åœ°å€: 127.0.0.1
2023-11-21 13:59:53.555 INFO  top.chen.train.common.aspect.LogAspect            :80   [32m1700546393456mmd  [0;39m è¯·æ±‚å‚æ•°: [{"mobile":"13000000000"}]
2023-11-21 13:59:53.615 INFO  com.zaxxer.hikari.HikariDataSource                :110  [32m1700546393456mmd  [0;39m HikariPool-1 - Starting...
2023-11-21 13:59:54.176 INFO  com.zaxxer.hikari.pool.HikariPool                 :565  [32m1700546393456mmd  [0;39m HikariPool-1 - Added connection com.mysql.cj.jdbc.ConnectionImpl@fecc489
2023-11-21 13:59:54.178 INFO  com.zaxxer.hikari.HikariDataSource                :123  [32m1700546393456mmd  [0;39m HikariPool-1 - Start completed.
2023-11-21 13:59:54.188 DEBUG t.c.t.member.mapper.MemberMapper.selectByExample  :137  [32m1700546393456mmd  [0;39m ==>  Preparing: select id, mobile from member WHERE ( mobile = ? )
2023-11-21 13:59:54.218 DEBUG t.c.t.member.mapper.MemberMapper.selectByExample  :137  [32m1700546393456mmd  [0;39m ==> Parameters: 13000000000(String)
2023-11-21 13:59:54.275 TRACE t.c.t.member.mapper.MemberMapper.selectByExample  :143  [32m1700546393456mmd  [0;39m <==    Columns: id, mobile
2023-11-21 13:59:54.277 TRACE t.c.t.member.mapper.MemberMapper.selectByExample  :143  [32m1700546393456mmd  [0;39m <==        Row: 1726563917540495360, 13000000000
2023-11-21 13:59:54.280 DEBUG t.c.t.member.mapper.MemberMapper.selectByExample  :137  [32m1700546393456mmd  [0;39m <==      Total: 1
2023-11-21 13:59:54.295 INFO  top.chen.train.member.service.MemberService       :87   [32m1700546393456mmd  [0;39m æ‰‹æœºå·å­˜åœ¨ï¼Œä¸æ’å…¥è®°å½•
2023-11-21 13:59:54.296 INFO  top.chen.train.member.service.MemberService       :91   [32m1700546393456mmd  [0;39m ç”ŸæˆéªŒè¯ç ï¼š8888
2023-11-21 13:59:54.296 INFO  top.chen.train.member.service.MemberService       :93   [32m1700546393456mmd  [0;39m ä¿å­˜çŸ­ä¿¡è®°å½•è¡¨
2023-11-21 13:59:54.296 INFO  top.chen.train.member.service.MemberService       :95   [32m1700546393456mmd  [0;39m å¯¹æŽ¥çŸ­ä¿¡é€šé“
2023-11-21 13:59:54.300 INFO  top.chen.train.common.aspect.LogAspect            :92   [32m1700546393456mmd  [0;39m è¿”å›žç»“æžœ: {"success":true}
2023-11-21 13:59:54.300 INFO  top.chen.train.common.aspect.LogAspect            :93   [32m1700546393456mmd  [0;39m ------------- ç»“æŸ è€—æ—¶ï¼š844 ms -------------
2023-11-21 13:59:56.014 INFO  top.chen.train.common.aspect.LogAspect            :56   [32m1700546396014G4i  [0;39m ------------- å¼€å§‹ -------------
2023-11-21 13:59:56.015 INFO  top.chen.train.common.aspect.LogAspect            :57   [32m1700546396014G4i  [0;39m è¯·æ±‚åœ°å€: http://127.0.0.1:8001/member/member/login POST
2023-11-21 13:59:56.015 INFO  top.chen.train.common.aspect.LogAspect            :58   [32m1700546396014G4i  [0;39m ç±»åæ–¹æ³•: top.chen.train.member.controller.MemberController.login
2023-11-21 13:59:56.015 INFO  top.chen.train.common.aspect.LogAspect            :59   [32m1700546396014G4i  [0;39m è¿œç¨‹åœ°å€: 127.0.0.1
2023-11-21 13:59:56.017 INFO  top.chen.train.common.aspect.LogAspect            :80   [32m1700546396014G4i  [0;39m è¯·æ±‚å‚æ•°: [{"code":"8888","mobile":"13000000000"}]
2023-11-21 13:59:56.018 DEBUG t.c.t.member.mapper.MemberMapper.selectByExample  :137  [32m1700546396014G4i  [0;39m ==>  Preparing: select id, mobile from member WHERE ( mobile = ? )
2023-11-21 13:59:56.019 DEBUG t.c.t.member.mapper.MemberMapper.selectByExample  :137  [32m1700546396014G4i  [0;39m ==> Parameters: 13000000000(String)
2023-11-21 13:59:56.020 TRACE t.c.t.member.mapper.MemberMapper.selectByExample  :143  [32m1700546396014G4i  [0;39m <==    Columns: id, mobile
2023-11-21 13:59:56.020 TRACE t.c.t.member.mapper.MemberMapper.selectByExample  :143  [32m1700546396014G4i  [0;39m <==        Row: 1726563917540495360, 13000000000
2023-11-21 13:59:56.021 DEBUG t.c.t.member.mapper.MemberMapper.selectByExample  :137  [32m1700546396014G4i  [0;39m <==      Total: 1
2023-11-21 13:59:56.673 INFO  top.chen.train.common.util.JwtUtil                :40   [32m1700546396014G4i  [0;39m ç”ŸæˆJWT tokenï¼šeyJ0eXAiOiJKV1QiLCJhbGciOiJIUzI1NiJ9.eyJuYmYiOjE3MDA1NDYzOTYsIm1vYmlsZSI6IjEzMDAwMDAwMDAwIiwiaWQiOjE3MjY1NjM5MTc1NDA0OTUzNjAsImV4cCI6MTcwMDU0NjQwNiwiaWF0IjoxNzAwNTQ2Mzk2fQ.oGmZD-1rWH5SFOPb8Nid10-U1FzD-jU9fnwkx9WaoeU
2023-11-21 13:59:56.675 INFO  top.chen.train.common.aspect.LogAspect            :92   [32m1700546396014G4i  [0;39m è¿”å›žç»“æžœ: {"content":{"id":1726563917540495360,"mobile":"13000000000","token":"eyJ0eXAiOiJKV1QiLCJhbGciOiJIUzI1NiJ9.eyJuYmYiOjE3MDA1NDYzOTYsIm1vYmlsZSI6IjEzMDAwMDAwMDAwIiwiaWQiOjE3MjY1NjM5MTc1NDA0OTUzNjAsImV4cCI6MTcwMDU0NjQwNiwiaWF0IjoxNzAwNTQ2Mzk2fQ.oGmZD-1rWH5SFOPb8Nid10-U1FzD-jU9fnwkx9WaoeU"},"success":true}
2023-11-21 13:59:56.675 INFO  top.chen.train.common.aspect.LogAspect            :93   [32m1700546396014G4i  [0;39m ------------- ç»“æŸ è€—æ—¶ï¼š661 ms -------------
2023-11-21 14:11:31.071 INFO  o.s.b.d.a.LocalDevToolsAutoConfiguration$RestartingClassPathChangeChangedEventListener:211  [32m                  [0;39m Restarting due to 1 class path change (1 addition, 0 deletions, 0 modifications)
2023-11-21 14:11:31.088 INFO  org.apache.coyote.http11.Http11NioProtocol        :173  [32m                  [0;39m Pausing ProtocolHandler ["http-nio-8001"]
2023-11-21 14:11:31.088 INFO  org.apache.catalina.core.StandardService          :173  [32m                  [0;39m Stopping service [Tomcat]
2023-11-21 14:11:31.089 INFO  o.a.c.c.C.[Tomcat].[localhost].[/member]          :173  [32m                  [0;39m Destroying Spring FrameworkServlet 'dispatcherServlet'
2023-11-21 14:11:31.093 WARN  org.apache.catalina.loader.WebappClassLoaderBase  :173  [32m                  [0;39m The web application [member] appears to have started a thread named [HikariPool-1 housekeeper] but has failed to stop it. This is very likely to create a memory leak. Stack trace of thread:
 java.base@17.0.4.1/jdk.internal.misc.Unsafe.park(Native Method)
 java.base@17.0.4.1/java.util.concurrent.locks.LockSupport.parkNanos(LockSupport.java:252)
 java.base@17.0.4.1/java.util.concurrent.locks.AbstractQueuedSynchronizer$ConditionObject.awaitNanos(AbstractQueuedSynchronizer.java:1672)
 java.base@17.0.4.1/java.util.concurrent.ScheduledThreadPoolExecutor$DelayedWorkQueue.take(ScheduledThreadPoolExecutor.java:1182)
 java.base@17.0.4.1/java.util.concurrent.ScheduledThreadPoolExecutor$DelayedWorkQueue.take(ScheduledThreadPoolExecutor.java:899)
 java.base@17.0.4.1/java.util.concurrent.ThreadPoolExecutor.getTask(ThreadPoolExecutor.java:1062)
 java.base@17.0.4.1/java.util.concurrent.ThreadPoolExecutor.runWorker(ThreadPoolExecutor.java:1122)
 java.base@17.0.4.1/java.util.concurrent.ThreadPoolExecutor$Worker.run(ThreadPoolExecutor.java:635)
 java.base@17.0.4.1/java.lang.Thread.run(Thread.java:833)
2023-11-21 14:11:31.094 INFO  org.apache.coyote.http11.Http11NioProtocol        :173  [32m                  [0;39m Stopping ProtocolHandler ["http-nio-8001"]
2023-11-21 14:11:31.095 INFO  org.apache.coyote.http11.Http11NioProtocol        :173  [32m                  [0;39m Destroying ProtocolHandler ["http-nio-8001"]
2023-11-21 14:11:31.098 INFO  com.zaxxer.hikari.HikariDataSource                :350  [32m                  [0;39m HikariPool-1 - Shutdown initiated...
2023-11-21 14:11:31.103 INFO  com.zaxxer.hikari.HikariDataSource                :352  [32m                  [0;39m HikariPool-1 - Shutdown completed.
2023-11-21 14:11:31.371 INFO  top.chen.train.member.config.MemberApplication    :51   [32m                  [0;39m Starting MemberApplication using Java 17.0.4.1 with PID 23016 (D:\program\train\member\target\classes started by ChenQi in D:\program\train)
2023-11-21 14:11:31.371 INFO  top.chen.train.member.config.MemberApplication    :630  [32m                  [0;39m No active profile set, falling back to 1 default profile: "default"
2023-11-21 14:11:31.494 INFO  o.springframework.cloud.context.scope.GenericScope:282  [32m                  [0;39m BeanFactory id=6a98a533-e10f-3bbf-a0fe-c5f81fe42af7
2023-11-21 14:11:31.552 INFO  o.s.boot.web.embedded.tomcat.TomcatWebServer      :108  [32m                  [0;39m Tomcat initialized with port(s): 8001 (http)
2023-11-21 14:11:31.553 INFO  org.apache.coyote.http11.Http11NioProtocol        :173  [32m                  [0;39m Initializing ProtocolHandler ["http-nio-8001"]
2023-11-21 14:11:31.553 INFO  org.apache.catalina.core.StandardService          :173  [32m                  [0;39m Starting service [Tomcat]
2023-11-21 14:11:31.553 INFO  org.apache.catalina.core.StandardEngine           :173  [32m                  [0;39m Starting Servlet engine: [Apache Tomcat/10.1.5]
2023-11-21 14:11:31.562 INFO  o.a.c.c.C.[Tomcat].[localhost].[/member]          :173  [32m                  [0;39m Initializing Spring embedded WebApplicationContext
2023-11-21 14:11:31.562 INFO  o.s.b.w.s.c.ServletWebServerApplicationContext    :291  [32m                  [0;39m Root WebApplicationContext: initialization completed in 188 ms
2023-11-21 14:11:31.610 WARN  o.s.b.w.s.c.AnnotationConfigServletWebServerApplicationContext:592  [32m                  [0;39m Exception encountered during context initialization - cancelling refresh attempt: org.springframework.beans.factory.BeanCreationException: Error creating bean with name 'memberController': Injection of resource dependencies failed
2023-11-21 14:11:31.611 INFO  org.apache.catalina.core.StandardService          :173  [32m                  [0;39m Stopping service [Tomcat]
2023-11-21 14:11:31.615 INFO  o.s.b.a.logging.ConditionEvaluationReportLogger   :82   [32m                  [0;39m 

Error starting ApplicationContext. To display the condition evaluation report re-run your application with 'debug' enabled.
2023-11-21 14:11:31.626 ERROR org.springframework.boot.SpringApplication        :820  [32m                  [0;39m Application run failed
org.springframework.beans.factory.BeanCreationException: Error creating bean with name 'memberController': Injection of resource dependencies failed
	at org.springframework.context.annotation.CommonAnnotationBeanPostProcessor.postProcessProperties(CommonAnnotationBeanPostProcessor.java:303)
	at org.springframework.beans.factory.support.AbstractAutowireCapableBeanFactory.populateBean(AbstractAutowireCapableBeanFactory.java:1397)
	at org.springframework.beans.factory.support.AbstractAutowireCapableBeanFactory.doCreateBean(AbstractAutowireCapableBeanFactory.java:598)
	at org.springframework.beans.factory.support.AbstractAutowireCapableBeanFactory.createBean(AbstractAutowireCapableBeanFactory.java:521)
	at org.springframework.beans.factory.support.AbstractBeanFactory.lambda$doGetBean$0(AbstractBeanFactory.java:326)
	at org.springframework.beans.factory.support.DefaultSingletonBeanRegistry.getSingleton(DefaultSingletonBeanRegistry.java:234)
	at org.springframework.beans.factory.support.AbstractBeanFactory.doGetBean(AbstractBeanFactory.java:324)
	at org.springframework.beans.factory.support.AbstractBeanFactory.getBean(AbstractBeanFactory.java:200)
	at org.springframework.beans.factory.support.DefaultListableBeanFactory.preInstantiateSingletons(DefaultListableBeanFactory.java:961)
	at org.springframework.context.support.AbstractApplicationContext.finishBeanFactoryInitialization(AbstractApplicationContext.java:915)
	at org.springframework.context.support.AbstractApplicationContext.refresh(AbstractApplicationContext.java:584)
	at org.springframework.boot.web.servlet.context.ServletWebServerApplicationContext.refresh(ServletWebServerApplicationContext.java:146)
	at org.springframework.boot.SpringApplication.refresh(SpringApplication.java:730)
	at org.springframework.boot.SpringApplication.refreshContext(SpringApplication.java:432)
	at org.springframework.boot.SpringApplication.run(SpringApplication.java:308)
	at top.chen.train.member.config.MemberApplication.main(MemberApplication.java:24)
	at java.base/jdk.internal.reflect.NativeMethodAccessorImpl.invoke0(Native Method)
	at java.base/jdk.internal.reflect.NativeMethodAccessorImpl.invoke(NativeMethodAccessorImpl.java:77)
	at java.base/jdk.internal.reflect.DelegatingMethodAccessorImpl.invoke(DelegatingMethodAccessorImpl.java:43)
	at java.base/java.lang.reflect.Method.invoke(Method.java:568)
	at org.springframework.boot.devtools.restart.RestartLauncher.run(RestartLauncher.java:49)
Caused by: org.springframework.beans.factory.BeanCreationException: Error creating bean with name 'memberService': Injection of resource dependencies failed
	at org.springframework.context.annotation.CommonAnnotationBeanPostProcessor.postProcessProperties(CommonAnnotationBeanPostProcessor.java:303)
	at org.springframework.beans.factory.support.AbstractAutowireCapableBeanFactory.populateBean(AbstractAutowireCapableBeanFactory.java:1397)
	at org.springframework.beans.factory.support.AbstractAutowireCapableBeanFactory.doCreateBean(AbstractAutowireCapableBeanFactory.java:598)
	at org.springframework.beans.factory.support.AbstractAutowireCapableBeanFactory.createBean(AbstractAutowireCapableBeanFactory.java:521)
	at org.springframework.beans.factory.support.AbstractBeanFactory.lambda$doGetBean$0(AbstractBeanFactory.java:326)
	at org.springframework.beans.factory.support.DefaultSingletonBeanRegistry.getSingleton(DefaultSingletonBeanRegistry.java:234)
	at org.springframework.beans.factory.support.AbstractBeanFactory.doGetBean(AbstractBeanFactory.java:324)
	at org.springframework.beans.factory.support.AbstractBeanFactory.getBean(AbstractBeanFactory.java:205)
	at org.springframework.beans.factory.support.AbstractAutowireCapableBeanFactory.resolveBeanByName(AbstractAutowireCapableBeanFactory.java:458)
	at org.springframework.context.annotation.CommonAnnotationBeanPostProcessor.autowireResource(CommonAnnotationBeanPostProcessor.java:496)
	at org.springframework.context.annotation.CommonAnnotationBeanPostProcessor.getResource(CommonAnnotationBeanPostProcessor.java:467)
	at org.springframework.context.annotation.CommonAnnotationBeanPostProcessor$ResourceElement.getResourceToInject(CommonAnnotationBeanPostProcessor.java:618)
	at org.springframework.beans.factory.annotation.InjectionMetadata$InjectedElement.inject(InjectionMetadata.java:242)
	at org.springframework.beans.factory.annotation.InjectionMetadata.inject(InjectionMetadata.java:133)
	at org.springframework.context.annotation.CommonAnnotationBeanPostProcessor.postProcessProperties(CommonAnnotationBeanPostProcessor.java:300)
	... 20 common frames omitted
Caused by: org.springframework.beans.factory.UnsatisfiedDependencyException: Error creating bean with name 'memberMapper' defined in file [D:\program\train\member\target\classes\top\chen\train\member\mapper\MemberMapper.class]: Unsatisfied dependency expressed through bean property 'sqlSessionFactory': Error creating bean with name 'sqlSessionFactory' defined in class path resource [org/mybatis/spring/boot/autoconfigure/MybatisAutoConfiguration.class]: Failed to instantiate [org.apache.ibatis.session.SqlSessionFactory]: Factory method 'sqlSessionFactory' threw exception with message: Failed to parse mapping resource: 'file [D:\program\train\member\target\classes\mapper\PassengerMapper.xml]'
	at org.springframework.beans.factory.support.AbstractAutowireCapableBeanFactory.autowireByType(AbstractAutowireCapableBeanFactory.java:1494)
	at org.springframework.beans.factory.support.AbstractAutowireCapableBeanFactory.populateBean(AbstractAutowireCapableBeanFactory.java:1388)
	at org.springframework.beans.factory.support.AbstractAutowireCapableBeanFactory.doCreateBean(AbstractAutowireCapableBeanFactory.java:598)
	at org.springframework.beans.factory.support.AbstractAutowireCapableBeanFactory.createBean(AbstractAutowireCapableBeanFactory.java:521)
	at org.springframework.beans.factory.support.AbstractBeanFactory.lambda$doGetBean$0(AbstractBeanFactory.java:326)
	at org.springframework.beans.factory.support.DefaultSingletonBeanRegistry.getSingleton(DefaultSingletonBeanRegistry.java:234)
	at org.springframework.beans.factory.support.AbstractBeanFactory.doGetBean(AbstractBeanFactory.java:324)
	at org.springframework.beans.factory.support.AbstractBeanFactory.getBean(AbstractBeanFactory.java:205)
	at org.springframework.beans.factory.support.AbstractAutowireCapableBeanFactory.resolveBeanByName(AbstractAutowireCapableBeanFactory.java:458)
	at org.springframework.context.annotation.CommonAnnotationBeanPostProcessor.autowireResource(CommonAnnotationBeanPostProcessor.java:496)
	at org.springframework.context.annotation.CommonAnnotationBeanPostProcessor.getResource(CommonAnnotationBeanPostProcessor.java:467)
	at org.springframework.context.annotation.CommonAnnotationBeanPostProcessor$ResourceElement.getResourceToInject(CommonAnnotationBeanPostProcessor.java:618)
	at org.springframework.beans.factory.annotation.InjectionMetadata$InjectedElement.inject(InjectionMetadata.java:242)
	at org.springframework.beans.factory.annotation.InjectionMetadata.inject(InjectionMetadata.java:133)
	at org.springframework.context.annotation.CommonAnnotationBeanPostProcessor.postProcessProperties(CommonAnnotationBeanPostProcessor.java:300)
	... 34 common frames omitted
Caused by: org.springframework.beans.factory.BeanCreationException: Error creating bean with name 'sqlSessionFactory' defined in class path resource [org/mybatis/spring/boot/autoconfigure/MybatisAutoConfiguration.class]: Failed to instantiate [org.apache.ibatis.session.SqlSessionFactory]: Factory method 'sqlSessionFactory' threw exception with message: Failed to parse mapping resource: 'file [D:\program\train\member\target\classes\mapper\PassengerMapper.xml]'
	at org.springframework.beans.factory.support.ConstructorResolver.instantiate(ConstructorResolver.java:657)
	at org.springframework.beans.factory.support.ConstructorResolver.instantiateUsingFactoryMethod(ConstructorResolver.java:645)
	at org.springframework.beans.factory.support.AbstractAutowireCapableBeanFactory.instantiateUsingFactoryMethod(AbstractAutowireCapableBeanFactory.java:1324)
	at org.springframework.beans.factory.support.AbstractAutowireCapableBeanFactory.createBeanInstance(AbstractAutowireCapableBeanFactory.java:1161)
	at org.springframework.beans.factory.support.AbstractAutowireCapableBeanFactory.doCreateBean(AbstractAutowireCapableBeanFactory.java:561)
	at org.springframework.beans.factory.support.AbstractAutowireCapableBeanFactory.createBean(AbstractAutowireCapableBeanFactory.java:521)
	at org.springframework.beans.factory.support.AbstractBeanFactory.lambda$doGetBean$0(AbstractBeanFactory.java:326)
	at org.springframework.beans.factory.support.DefaultSingletonBeanRegistry.getSingleton(DefaultSingletonBeanRegistry.java:234)
	at org.springframework.beans.factory.support.AbstractBeanFactory.doGetBean(AbstractBeanFactory.java:324)
	at org.springframework.beans.factory.support.AbstractBeanFactory.getBean(AbstractBeanFactory.java:200)
	at org.springframework.beans.factory.config.DependencyDescriptor.resolveCandidate(DependencyDescriptor.java:254)
	at org.springframework.beans.factory.support.DefaultListableBeanFactory.doResolveDependency(DefaultListableBeanFactory.java:1405)
	at org.springframework.beans.factory.support.DefaultListableBeanFactory.resolveDependency(DefaultListableBeanFactory.java:1325)
	at org.springframework.beans.factory.support.AbstractAutowireCapableBeanFactory.autowireByType(AbstractAutowireCapableBeanFactory.java:1479)
	... 48 common frames omitted
Caused by: org.springframework.beans.BeanInstantiationException: Failed to instantiate [org.apache.ibatis.session.SqlSessionFactory]: Factory method 'sqlSessionFactory' threw exception with message: Failed to parse mapping resource: 'file [D:\program\train\member\target\classes\mapper\PassengerMapper.xml]'
	at org.springframework.beans.factory.support.SimpleInstantiationStrategy.instantiate(SimpleInstantiationStrategy.java:171)
	at org.springframework.beans.factory.support.ConstructorResolver.instantiate(ConstructorResolver.java:653)
	... 61 common frames omitted
Caused by: java.io.IOException: Failed to parse mapping resource: 'file [D:\program\train\member\target\classes\mapper\PassengerMapper.xml]'
	at org.mybatis.spring.SqlSessionFactoryBean.buildSqlSessionFactory(SqlSessionFactoryBean.java:615)
	at org.mybatis.spring.SqlSessionFactoryBean.afterPropertiesSet(SqlSessionFactoryBean.java:492)
	at org.mybatis.spring.SqlSessionFactoryBean.getObject(SqlSessionFactoryBean.java:635)
	at org.mybatis.spring.boot.autoconfigure.MybatisAutoConfiguration.sqlSessionFactory(MybatisAutoConfiguration.java:189)
	at java.base/jdk.internal.reflect.NativeMethodAccessorImpl.invoke0(Native Method)
	at java.base/jdk.internal.reflect.NativeMethodAccessorImpl.invoke(NativeMethodAccessorImpl.java:77)
	at java.base/jdk.internal.reflect.DelegatingMethodAccessorImpl.invoke(DelegatingMethodAccessorImpl.java:43)
	at java.base/java.lang.reflect.Method.invoke(Method.java:568)
	at org.springframework.beans.factory.support.SimpleInstantiationStrategy.instantiate(SimpleInstantiationStrategy.java:139)
	... 62 common frames omitted
Caused by: org.apache.ibatis.builder.BuilderException: Error parsing Mapper XML. The XML location is 'file [D:\program\train\member\target\classes\mapper\PassengerMapper.xml]'. Cause: org.apache.ibatis.builder.BuilderException: Error resolving class. Cause: org.apache.ibatis.type.TypeException: Could not resolve type alias 'top.chen.train.member.domain.Passenger'.  Cause: java.lang.ClassNotFoundException: Cannot find class: top.chen.train.member.domain.Passenger
	at org.apache.ibatis.builder.xml.XMLMapperBuilder.configurationElement(XMLMapperBuilder.java:123)
	at org.apache.ibatis.builder.xml.XMLMapperBuilder.parse(XMLMapperBuilder.java:95)
	at org.mybatis.spring.SqlSessionFactoryBean.buildSqlSessionFactory(SqlSessionFactoryBean.java:613)
	... 70 common frames omitted
Caused by: org.apache.ibatis.builder.BuilderException: Error resolving class. Cause: org.apache.ibatis.type.TypeException: Could not resolve type alias 'top.chen.train.member.domain.Passenger'.  Cause: java.lang.ClassNotFoundException: Cannot find class: top.chen.train.member.domain.Passenger
	at org.apache.ibatis.builder.BaseBuilder.resolveClass(BaseBuilder.java:118)
	at org.apache.ibatis.builder.xml.XMLMapperBuilder.resultMapElement(XMLMapperBuilder.java:263)
	at org.apache.ibatis.builder.xml.XMLMapperBuilder.resultMapElement(XMLMapperBuilder.java:254)
	at org.apache.ibatis.builder.xml.XMLMapperBuilder.resultMapElements(XMLMapperBuilder.java:246)
	at org.apache.ibatis.builder.xml.XMLMapperBuilder.configurationElement(XMLMapperBuilder.java:119)
	... 72 common frames omitted
Caused by: org.apache.ibatis.type.TypeException: Could not resolve type alias 'top.chen.train.member.domain.Passenger'.  Cause: java.lang.ClassNotFoundException: Cannot find class: top.chen.train.member.domain.Passenger
	at org.apache.ibatis.type.TypeAliasRegistry.resolveAlias(TypeAliasRegistry.java:128)
	at org.apache.ibatis.builder.BaseBuilder.resolveAlias(BaseBuilder.java:149)
	at org.apache.ibatis.builder.BaseBuilder.resolveClass(BaseBuilder.java:116)
	... 76 common frames omitted
Caused by: java.lang.ClassNotFoundException: Cannot find class: top.chen.train.member.domain.Passenger
	at org.apache.ibatis.io.ClassLoaderWrapper.classForName(ClassLoaderWrapper.java:196)
	at org.apache.ibatis.io.ClassLoaderWrapper.classForName(ClassLoaderWrapper.java:89)
	at org.apache.ibatis.io.Resources.classForName(Resources.java:261)
	at org.apache.ibatis.type.TypeAliasRegistry.resolveAlias(TypeAliasRegistry.java:124)
	... 78 common frames omitted
2023-11-21 14:11:33.280 INFO  top.chen.train.member.config.MemberApplication    :51   [32m                  [0;39m Starting MemberApplication using Java 17.0.4.1 with PID 23016 (D:\program\train\member\target\classes started by ChenQi in D:\program\train)
2023-11-21 14:11:33.282 INFO  top.chen.train.member.config.MemberApplication    :630  [32m                  [0;39m No active profile set, falling back to 1 default profile: "default"
2023-11-21 14:11:33.407 INFO  o.springframework.cloud.context.scope.GenericScope:282  [32m                  [0;39m BeanFactory id=8536e8c1-3ab5-30d8-9da0-a0037e20aa94
2023-11-21 14:11:33.453 INFO  o.s.boot.web.embedded.tomcat.TomcatWebServer      :108  [32m                  [0;39m Tomcat initialized with port(s): 8001 (http)
2023-11-21 14:11:33.454 INFO  org.apache.coyote.http11.Http11NioProtocol        :173  [32m                  [0;39m Initializing ProtocolHandler ["http-nio-8001"]
2023-11-21 14:11:33.454 INFO  org.apache.catalina.core.StandardService          :173  [32m                  [0;39m Starting service [Tomcat]
2023-11-21 14:11:33.454 INFO  org.apache.catalina.core.StandardEngine           :173  [32m                  [0;39m Starting Servlet engine: [Apache Tomcat/10.1.5]
2023-11-21 14:11:33.462 INFO  o.a.c.c.C.[Tomcat-1].[localhost].[/member]        :173  [32m                  [0;39m Initializing Spring embedded WebApplicationContext
2023-11-21 14:11:33.463 INFO  o.s.b.w.s.c.ServletWebServerApplicationContext    :291  [32m                  [0;39m Root WebApplicationContext: initialization completed in 180 ms
2023-11-21 14:11:33.669 WARN  o.s.b.d.autoconfigure.OptionalLiveReloadServer    :62   [32m                  [0;39m Unable to start LiveReload server
2023-11-21 14:11:33.891 INFO  org.apache.coyote.http11.Http11NioProtocol        :173  [32m                  [0;39m Starting ProtocolHandler ["http-nio-8001"]
2023-11-21 14:11:33.893 INFO  o.s.boot.web.embedded.tomcat.TomcatWebServer      :220  [32m                  [0;39m Tomcat started on port(s): 8001 (http) with context path '/member'
2023-11-21 14:11:34.074 INFO  top.chen.train.member.config.MemberApplication    :57   [32m                  [0;39m Started MemberApplication in 1.017 seconds (process running for 721.947)
2023-11-21 14:11:34.075 INFO  o.s.b.d.a.ConditionEvaluationDeltaLoggingListener :63   [32m                  [0;39m Condition evaluation unchanged
2023-11-21 14:11:34.075 INFO  top.chen.train.member.config.MemberApplication    :25   [32m                  [0;39m å¯åŠ¨æˆåŠŸï¼ï¼ï¼
2023-11-21 14:11:34.075 INFO  top.chen.train.member.config.MemberApplication    :26   [32m                  [0;39m æµ‹è¯•åœ°å€ï¼š	http://127.0.0.1:8001/hello
